-----------------------------构建第10颗树-----------------------------
--树的深度：0
('----划分特征：', 'age')
------划分值:5.000,左节点损失:0.000,右节点损失:0.049,总损失:0.049
------划分值:7.000,左节点损失:0.000,右节点损失:0.021,总损失:0.021
------划分值:21.000,左节点损失:0.003,右节点损失:0.001,总损失:0.004
------划分值:30.000,左节点损失:0.028,右节点损失:0.000,总损失:0.028
('----划分特征：', 'weight')
------划分值:20.000,左节点损失:0.000,右节点损失:0.049,总损失:0.049
------划分值:30.000,左节点损失:0.000,右节点损失:0.021,总损失:0.021
------划分值:70.000,左节点损失:0.039,右节点损失:0.000,总损失:0.039
------划分值:60.000,左节点损失:0.003,右节点损失:0.001,总损失:0.004
('--最佳划分特征：', 'age')
('--最佳划分值：', 21)
--树的深度：1
('----划分特征：', 'age')
------划分值:5.000,左节点损失:0.000,右节点损失:0.003,总损失:0.003
------划分值:7.000,左节点损失:0.000,右节点损失:0.000,总损失:0.000
('----划分特征：', 'weight')
------划分值:20.000,左节点损失:0.000,右节点损失:0.003,总损失:0.003
------划分值:30.000,左节点损失:0.000,右节点损失:0.000,总损失:0.000
('--最佳划分特征：', 'age')
('--最佳划分值：', 7)
('叶子节点预测值：', -0.14528268337499983)
('叶子节点预测值：', -0.06779858557500007)
--树的深度：1
('----划分特征：', 'age')
------划分值:21.000,左节点损失:0.000,右节点损失:0.001,总损失:0.001
------划分值:30.000,左节点损失:0.000,右节点损失:0.000,总损失:0.000
('----划分特征：', 'weight')
------划分值:70.000,左节点损失:0.000,右节点损失:0.000,总损失:0.000
------划分值:60.000,左节点损失:0.000,右节点损失:0.001,总损失:0.001
('--最佳划分特征：', 'age')
('--最佳划分值：', 30)
('叶子节点预测值：', 0.08716961002500012)
('叶子节点预测值：', 0.125911658925)
第10棵树: mse_loss:0.0100
