-----------------------------构建第1颗树-----------------------------
--树的深度：0
('----划分特征：', 'age')
------划分值:5.000,左节点损失:0.000,右节点损失:0.327,总损失:0.327
------划分值:7.000,左节点损失:0.000,右节点损失:0.140,总损失:0.140
------划分值:21.000,左节点损失:0.020,右节点损失:0.005,总损失:0.025
------划分值:30.000,左节点损失:0.187,右节点损失:0.000,总损失:0.187
('----划分特征：', 'weight')
------划分值:20.000,左节点损失:0.000,右节点损失:0.327,总损失:0.327
------划分值:30.000,左节点损失:0.000,右节点损失:0.140,总损失:0.140
------划分值:70.000,左节点损失:0.260,右节点损失:0.000,总损失:0.260
------划分值:60.000,左节点损失:0.020,右节点损失:0.005,总损失:0.025
('--最佳划分特征：', 'age')
('--最佳划分值：', 21)
--树的深度：1
('----划分特征：', 'age')
------划分值:5.000,左节点损失:0.000,右节点损失:0.020,总损失:0.020
------划分值:7.000,左节点损失:0.000,右节点损失:0.000,总损失:0.000
('----划分特征：', 'weight')
------划分值:20.000,左节点损失:0.000,右节点损失:0.020,总损失:0.020
------划分值:30.000,左节点损失:0.000,右节点损失:0.000,总损失:0.000
('--最佳划分特征：', 'age')
('--最佳划分值：', 7)
('叶子节点预测值：', -0.375)
('叶子节点预测值：', -0.17500000000000004)
--树的深度：1
('----划分特征：', 'age')
------划分值:21.000,左节点损失:0.000,右节点损失:0.005,总损失:0.005
------划分值:30.000,左节点损失:0.000,右节点损失:0.000,总损失:0.000
('----划分特征：', 'weight')
------划分值:70.000,左节点损失:0.000,右节点损失:0.000,总损失:0.000
------划分值:60.000,左节点损失:0.000,右节点损失:0.005,总损失:0.005
('--最佳划分特征：', 'age')
('--最佳划分值：', 30)
('叶子节点预测值：', 0.22499999999999987)
('叶子节点预测值：', 0.32499999999999996)
第1棵树: mse_loss:0.0663
