-----------------------------构建第2颗树-----------------------------
--树的深度：0
('----划分特征：', 'age')
------划分值:5.000,左节点损失:0.000,右节点损失:0.265,总损失:0.265
------划分值:7.000,左节点损失:0.000,右节点损失:0.113,总损失:0.113
------划分值:21.000,左节点损失:0.016,右节点损失:0.004,总损失:0.020
------划分值:30.000,左节点损失:0.151,右节点损失:0.000,总损失:0.151
('----划分特征：', 'weight')
------划分值:20.000,左节点损失:0.000,右节点损失:0.265,总损失:0.265
------划分值:30.000,左节点损失:0.000,右节点损失:0.113,总损失:0.113
------划分值:70.000,左节点损失:0.211,右节点损失:0.000,总损失:0.211
------划分值:60.000,左节点损失:0.016,右节点损失:0.004,总损失:0.020
('--最佳划分特征：', 'age')
('--最佳划分值：', 21)
--树的深度：1
('----划分特征：', 'age')
------划分值:5.000,左节点损失:0.000,右节点损失:0.016,总损失:0.016
------划分值:7.000,左节点损失:0.000,右节点损失:0.000,总损失:0.000
('----划分特征：', 'weight')
------划分值:20.000,左节点损失:0.000,右节点损失:0.016,总损失:0.016
------划分值:30.000,左节点损失:0.000,右节点损失:0.000,总损失:0.000
('--最佳划分特征：', 'age')
('--最佳划分值：', 7)
('叶子节点预测值：', -0.3374999999999999)
('叶子节点预测值：', -0.15749999999999997)
--树的深度：1
('----划分特征：', 'age')
------划分值:21.000,左节点损失:0.000,右节点损失:0.004,总损失:0.004
------划分值:30.000,左节点损失:0.000,右节点损失:0.000,总损失:0.000
('----划分特征：', 'weight')
------划分值:70.000,左节点损失:0.000,右节点损失:0.000,总损失:0.000
------划分值:60.000,左节点损失:0.000,右节点损失:0.004,总损失:0.004
('--最佳划分特征：', 'age')
('--最佳划分值：', 30)
('叶子节点预测值：', 0.2024999999999999)
('叶子节点预测值：', 0.2925)
第2棵树: mse_loss:0.0537
