-----------------------------构建第3颗树-----------------------------
--树的深度：0
('----划分特征：', 'age')
------划分值:5.000,左节点损失:0.000,右节点损失:0.215,总损失:0.215
------划分值:7.000,左节点损失:0.000,右节点损失:0.092,总损失:0.092
------划分值:21.000,左节点损失:0.013,右节点损失:0.003,总损失:0.016
------划分值:30.000,左节点损失:0.122,右节点损失:0.000,总损失:0.122
('----划分特征：', 'weight')
------划分值:20.000,左节点损失:0.000,右节点损失:0.215,总损失:0.215
------划分值:30.000,左节点损失:0.000,右节点损失:0.092,总损失:0.092
------划分值:70.000,左节点损失:0.171,右节点损失:0.000,总损失:0.171
------划分值:60.000,左节点损失:0.013,右节点损失:0.003,总损失:0.016
('--最佳划分特征：', 'age')
('--最佳划分值：', 21)
--树的深度：1
('----划分特征：', 'age')
------划分值:5.000,左节点损失:0.000,右节点损失:0.013,总损失:0.013
------划分值:7.000,左节点损失:0.000,右节点损失:0.000,总损失:0.000
('----划分特征：', 'weight')
------划分值:20.000,左节点损失:0.000,右节点损失:0.013,总损失:0.013
------划分值:30.000,左节点损失:0.000,右节点损失:0.000,总损失:0.000
('--最佳划分特征：', 'age')
('--最佳划分值：', 7)
('叶子节点预测值：', -0.30374999999999996)
('叶子节点预测值：', -0.14175000000000004)
--树的深度：1
('----划分特征：', 'age')
------划分值:21.000,左节点损失:0.000,右节点损失:0.003,总损失:0.003
------划分值:30.000,左节点损失:0.000,右节点损失:0.000,总损失:0.000
('----划分特征：', 'weight')
------划分值:70.000,左节点损失:0.000,右节点损失:0.000,总损失:0.000
------划分值:60.000,左节点损失:0.000,右节点损失:0.003,总损失:0.003
('--最佳划分特征：', 'age')
('--最佳划分值：', 30)
('叶子节点预测值：', 0.18225000000000002)
('叶子节点预测值：', 0.26325)
第3棵树: mse_loss:0.0435
