-----------------------------构建第4颗树-----------------------------
--树的深度：0
('----划分特征：', 'age')
------划分值:5.000,左节点损失:0.000,右节点损失:0.174,总损失:0.174
------划分值:7.000,左节点损失:0.000,右节点损失:0.074,总损失:0.074
------划分值:21.000,左节点损失:0.011,右节点损失:0.003,总损失:0.013
------划分值:30.000,左节点损失:0.099,右节点损失:0.000,总损失:0.099
('----划分特征：', 'weight')
------划分值:20.000,左节点损失:0.000,右节点损失:0.174,总损失:0.174
------划分值:30.000,左节点损失:0.000,右节点损失:0.074,总损失:0.074
------划分值:70.000,左节点损失:0.138,右节点损失:0.000,总损失:0.138
------划分值:60.000,左节点损失:0.011,右节点损失:0.003,总损失:0.013
('--最佳划分特征：', 'age')
('--最佳划分值：', 21)
--树的深度：1
('----划分特征：', 'age')
------划分值:5.000,左节点损失:0.000,右节点损失:0.011,总损失:0.011
------划分值:7.000,左节点损失:0.000,右节点损失:0.000,总损失:0.000
('----划分特征：', 'weight')
------划分值:20.000,左节点损失:0.000,右节点损失:0.011,总损失:0.011
------划分值:30.000,左节点损失:0.000,右节点损失:0.000,总损失:0.000
('--最佳划分特征：', 'age')
('--最佳划分值：', 7)
('叶子节点预测值：', -0.2733749999999999)
('叶子节点预测值：', -0.127575)
--树的深度：1
('----划分特征：', 'age')
------划分值:21.000,左节点损失:0.000,右节点损失:0.003,总损失:0.003
------划分值:30.000,左节点损失:0.000,右节点损失:0.000,总损失:0.000
('----划分特征：', 'weight')
------划分值:70.000,左节点损失:0.000,右节点损失:0.000,总损失:0.000
------划分值:60.000,左节点损失:0.000,右节点损失:0.003,总损失:0.003
('--最佳划分特征：', 'age')
('--最佳划分值：', 30)
('叶子节点预测值：', 0.1640250000000001)
('叶子节点预测值：', 0.23692500000000005)
第4棵树: mse_loss:0.0352
