-----------------------------构建第5颗树-----------------------------
--树的深度：0
('----划分特征：', 'age')
------划分值:5.000,左节点损失:0.000,右节点损失:0.141,总损失:0.141
------划分值:7.000,左节点损失:0.000,右节点损失:0.060,总损失:0.060
------划分值:21.000,左节点损失:0.009,右节点损失:0.002,总损失:0.011
------划分值:30.000,左节点损失:0.080,右节点损失:0.000,总损失:0.080
('----划分特征：', 'weight')
------划分值:20.000,左节点损失:0.000,右节点损失:0.141,总损失:0.141
------划分值:30.000,左节点损失:0.000,右节点损失:0.060,总损失:0.060
------划分值:70.000,左节点损失:0.112,右节点损失:0.000,总损失:0.112
------划分值:60.000,左节点损失:0.009,右节点损失:0.002,总损失:0.011
('--最佳划分特征：', 'age')
('--最佳划分值：', 21)
--树的深度：1
('----划分特征：', 'age')
------划分值:5.000,左节点损失:0.000,右节点损失:0.009,总损失:0.009
------划分值:7.000,左节点损失:0.000,右节点损失:0.000,总损失:0.000
('----划分特征：', 'weight')
------划分值:20.000,左节点损失:0.000,右节点损失:0.009,总损失:0.009
------划分值:30.000,左节点损失:0.000,右节点损失:0.000,总损失:0.000
('--最佳划分特征：', 'age')
('--最佳划分值：', 7)
('叶子节点预测值：', -0.2460374999999999)
('叶子节点预测值：', -0.11481750000000002)
--树的深度：1
('----划分特征：', 'age')
------划分值:21.000,左节点损失:0.000,右节点损失:0.002,总损失:0.002
------划分值:30.000,左节点损失:0.000,右节点损失:0.000,总损失:0.000
('----划分特征：', 'weight')
------划分值:70.000,左节点损失:0.000,右节点损失:0.000,总损失:0.000
------划分值:60.000,左节点损失:0.000,右节点损失:0.002,总损失:0.002
('--最佳划分特征：', 'age')
('--最佳划分值：', 30)
('叶子节点预测值：', 0.1476225)
('叶子节点预测值：', 0.21323249999999994)
第5棵树: mse_loss:0.0285
