-----------------------------构建第6颗树-----------------------------
--树的深度：0
('----划分特征：', 'age')
------划分值:5.000,左节点损失:0.000,右节点损失:0.114,总损失:0.114
------划分值:7.000,左节点损失:0.000,右节点损失:0.049,总损失:0.049
------划分值:21.000,左节点损失:0.007,右节点损失:0.002,总损失:0.009
------划分值:30.000,左节点损失:0.065,右节点损失:0.000,总损失:0.065
('----划分特征：', 'weight')
------划分值:20.000,左节点损失:0.000,右节点损失:0.114,总损失:0.114
------划分值:30.000,左节点损失:0.000,右节点损失:0.049,总损失:0.049
------划分值:70.000,左节点损失:0.091,右节点损失:0.000,总损失:0.091
------划分值:60.000,左节点损失:0.007,右节点损失:0.002,总损失:0.009
('--最佳划分特征：', 'age')
('--最佳划分值：', 21)
--树的深度：1
('----划分特征：', 'age')
------划分值:5.000,左节点损失:0.000,右节点损失:0.007,总损失:0.007
------划分值:7.000,左节点损失:0.000,右节点损失:0.000,总损失:0.000
('----划分特征：', 'weight')
------划分值:20.000,左节点损失:0.000,右节点损失:0.007,总损失:0.007
------划分值:30.000,左节点损失:0.000,右节点损失:0.000,总损失:0.000
('--最佳划分特征：', 'age')
('--最佳划分值：', 7)
('叶子节点预测值：', -0.22143374999999987)
('叶子节点预测值：', -0.10333575000000006)
--树的深度：1
('----划分特征：', 'age')
------划分值:21.000,左节点损失:0.000,右节点损失:0.002,总损失:0.002
------划分值:30.000,左节点损失:0.000,右节点损失:0.000,总损失:0.000
('----划分特征：', 'weight')
------划分值:70.000,左节点损失:0.000,右节点损失:0.000,总损失:0.000
------划分值:60.000,左节点损失:0.000,右节点损失:0.002,总损失:0.002
('--最佳划分特征：', 'age')
('--最佳划分值：', 30)
('叶子节点预测值：', 0.13286025)
('叶子节点预测值：', 0.19190924999999992)
第6棵树: mse_loss:0.0231
