-----------------------------构建第7颗树-----------------------------
--树的深度：0
('----划分特征：', 'age')
------划分值:5.000,左节点损失:0.000,右节点损失:0.092,总损失:0.092
------划分值:7.000,左节点损失:0.000,右节点损失:0.040,总损失:0.040
------划分值:21.000,左节点损失:0.006,右节点损失:0.001,总损失:0.007
------划分值:30.000,左节点损失:0.053,右节点损失:0.000,总损失:0.053
('----划分特征：', 'weight')
------划分值:20.000,左节点损失:0.000,右节点损失:0.092,总损失:0.092
------划分值:30.000,左节点损失:0.000,右节点损失:0.040,总损失:0.040
------划分值:70.000,左节点损失:0.073,右节点损失:0.000,总损失:0.073
------划分值:60.000,左节点损失:0.006,右节点损失:0.001,总损失:0.007
('--最佳划分特征：', 'age')
('--最佳划分值：', 21)
--树的深度：1
('----划分特征：', 'age')
------划分值:5.000,左节点损失:0.000,右节点损失:0.006,总损失:0.006
------划分值:7.000,左节点损失:0.000,右节点损失:0.000,总损失:0.000
('----划分特征：', 'weight')
------划分值:20.000,左节点损失:0.000,右节点损失:0.006,总损失:0.006
------划分值:30.000,左节点损失:0.000,右节点损失:0.000,总损失:0.000
('--最佳划分特征：', 'age')
('--最佳划分值：', 7)
('叶子节点预测值：', -0.1992903749999999)
('叶子节点预测值：', -0.09300217500000008)
--树的深度：1
('----划分特征：', 'age')
------划分值:21.000,左节点损失:0.000,右节点损失:0.001,总损失:0.001
------划分值:30.000,左节点损失:0.000,右节点损失:0.000,总损失:0.000
('----划分特征：', 'weight')
------划分值:70.000,左节点损失:0.000,右节点损失:0.000,总损失:0.000
------划分值:60.000,左节点损失:0.000,右节点损失:0.001,总损失:0.001
('--最佳划分特征：', 'age')
('--最佳划分值：', 30)
('叶子节点预测值：', 0.11957422500000003)
('叶子节点预测值：', 0.17271832499999995)
第7棵树: mse_loss:0.0187
