-----------------------------构建第8颗树-----------------------------
--树的深度：0
('----划分特征：', 'age')
------划分值:5.000,左节点损失:0.000,右节点损失:0.075,总损失:0.075
------划分值:7.000,左节点损失:0.000,右节点损失:0.032,总损失:0.032
------划分值:21.000,左节点损失:0.005,右节点损失:0.001,总损失:0.006
------划分值:30.000,左节点损失:0.043,右节点损失:0.000,总损失:0.043
('----划分特征：', 'weight')
------划分值:20.000,左节点损失:0.000,右节点损失:0.075,总损失:0.075
------划分值:30.000,左节点损失:0.000,右节点损失:0.032,总损失:0.032
------划分值:70.000,左节点损失:0.059,右节点损失:0.000,总损失:0.059
------划分值:60.000,左节点损失:0.005,右节点损失:0.001,总损失:0.006
('--最佳划分特征：', 'age')
('--最佳划分值：', 21)
--树的深度：1
('----划分特征：', 'age')
------划分值:5.000,左节点损失:0.000,右节点损失:0.005,总损失:0.005
------划分值:7.000,左节点损失:0.000,右节点损失:0.000,总损失:0.000
('----划分特征：', 'weight')
------划分值:20.000,左节点损失:0.000,右节点损失:0.005,总损失:0.005
------划分值:30.000,左节点损失:0.000,右节点损失:0.000,总损失:0.000
('--最佳划分特征：', 'age')
('--最佳划分值：', 7)
('叶子节点预测值：', -0.17936133749999983)
('叶子节点预测值：', -0.08370195749999998)
--树的深度：1
('----划分特征：', 'age')
------划分值:21.000,左节点损失:0.000,右节点损失:0.001,总损失:0.001
------划分值:30.000,左节点损失:0.000,右节点损失:0.000,总损失:0.000
('----划分特征：', 'weight')
------划分值:70.000,左节点损失:0.000,右节点损失:0.000,总损失:0.000
------划分值:60.000,左节点损失:0.000,右节点损失:0.001,总损失:0.001
('--最佳划分特征：', 'age')
('--最佳划分值：', 30)
('叶子节点预测值：', 0.10761680249999994)
('叶子节点预测值：', 0.15544649249999987)
第8棵树: mse_loss:0.0152
