-----------------------------构建第9颗树-----------------------------
--树的深度：0
('----划分特征：', 'age')
------划分值:5.000,左节点损失:0.000,右节点损失:0.061,总损失:0.061
------划分值:7.000,左节点损失:0.000,右节点损失:0.026,总损失:0.026
------划分值:21.000,左节点损失:0.004,右节点损失:0.001,总损失:0.005
------划分值:30.000,左节点损失:0.035,右节点损失:0.000,总损失:0.035
('----划分特征：', 'weight')
------划分值:20.000,左节点损失:0.000,右节点损失:0.061,总损失:0.061
------划分值:30.000,左节点损失:0.000,右节点损失:0.026,总损失:0.026
------划分值:70.000,左节点损失:0.048,右节点损失:0.000,总损失:0.048
------划分值:60.000,左节点损失:0.004,右节点损失:0.001,总损失:0.005
('--最佳划分特征：', 'age')
('--最佳划分值：', 21)
--树的深度：1
('----划分特征：', 'age')
------划分值:5.000,左节点损失:0.000,右节点损失:0.004,总损失:0.004
------划分值:7.000,左节点损失:0.000,右节点损失:0.000,总损失:0.000
('----划分特征：', 'weight')
------划分值:20.000,左节点损失:0.000,右节点损失:0.004,总损失:0.004
------划分值:30.000,左节点损失:0.000,右节点损失:0.000,总损失:0.000
('--最佳划分特征：', 'age')
('--最佳划分值：', 7)
('叶子节点预测值：', -0.1614252037499999)
('叶子节点预测值：', -0.07533176175)
--树的深度：1
('----划分特征：', 'age')
------划分值:21.000,左节点损失:0.000,右节点损失:0.001,总损失:0.001
------划分值:30.000,左节点损失:0.000,右节点损失:0.000,总损失:0.000
('----划分特征：', 'weight')
------划分值:70.000,左节点损失:0.000,右节点损失:0.000,总损失:0.000
------划分值:60.000,左节点损失:0.000,右节点损失:0.001,总损失:0.001
('--最佳划分特征：', 'age')
('--最佳划分值：', 30)
('叶子节点预测值：', 0.09685512225000004)
('叶子节点预测值：', 0.13990184324999988)
第9棵树: mse_loss:0.0123
