   id  age  weight  label    f_0  res_1     f_1   res_2      f_2    res_3  \
0   1    5      20    1.1  1.475 -0.375  1.4375 -0.3375  1.40375 -0.30375   
1   2    7      30    1.3  1.475 -0.175  1.4575 -0.1575  1.44175 -0.14175   
2   3   21      70    1.7  1.475  0.225  1.4975  0.2025  1.51775  0.18225   
3   4   30      60    1.8  1.475  0.325  1.5075  0.2925  1.53675  0.26325   

        f_3     res_4       f_4     res_5       f_5     res_6       f_6  \
0  1.373375 -0.273375  1.346037 -0.246037  1.321434 -0.221434  1.299290   
1  1.427575 -0.127575  1.414818 -0.114818  1.403336 -0.103336  1.393002   
2  1.535975  0.164025  1.552377  0.147622  1.567140  0.132860  1.580426   
3  1.563075  0.236925  1.586768  0.213232  1.608091  0.191909  1.627282   

      res_7       f_7     res_8       f_8     res_9       f_9    res_10  \
0 -0.199290  1.279361 -0.179361  1.261425 -0.161425  1.245283 -0.145283   
1 -0.093002  1.383702 -0.083702  1.375332 -0.075332  1.367799 -0.067799   
2  0.119574  1.592383  0.107617  1.603145  0.096855  1.612830  0.087170   
3  0.172718  1.644554  0.155446  1.660098  0.139902  1.674088  0.125912   

       f_10  
0  1.230754  
1  1.361019  
2  1.621547  
3  1.686680  
('predict:', 0.22499999999999987)
('predict:', 0.2024999999999999)
('predict:', 0.18225000000000002)
('predict:', 0.1640250000000001)
('predict:', 0.1476225)
('predict:', 0.13286025)
('predict:', 0.11957422500000003)
('predict:', 0.10761680249999994)
('predict:', 0.09685512225000004)
('predict:', 0.08716961002500012)
0    1.621547
Name: predict_value, dtype: float64
